Using pre-set license
Built from '2020.3/staging' branch; Version is '2020.3.3f1 (76626098c1c4) revision 7758432'; Using compiler version '192528614'; Build Type 'Release'
OS: 'Windows 10 Home; OS build 19042.928; Version 2009; 64bit' Language: 'en' Physical Memory: 16303 MB
BatchMode: 1, IsHumanControllingUs: 0, StartBugReporterOnCrash: 0, Is64bit: 1, IsPro: 0

 COMMAND LINE ARGUMENTS:
C:\Program Files\2020.3.3f1\Editor\Unity.exe
-adb2
-batchMode
-noUpm
-name
AssetImportWorker0
-projectPath
A:/TFS/TERM_02/VGP121 Game Test Debug/HattoriDiogo_VGP121
-logFile
Logs/AssetImportWorker0.log
-srvPort
49874
Successfully changed project path to: A:/TFS/TERM_02/VGP121 Game Test Debug/HattoriDiogo_VGP121
A:/TFS/TERM_02/VGP121 Game Test Debug/HattoriDiogo_VGP121
Using Asset Import Pipeline V2.
Refreshing native plugins compatible for Editor in 35.11 ms, found 1 plugins.
Preloading 0 native plugins for Editor in 0.00 ms.
Initialize engine version: 2020.3.3f1 (76626098c1c4)
[Subsystems] Discovering subsystems at path C:/Program Files/2020.3.3f1/Editor/Data/Resources/UnitySubsystems
[Subsystems] Discovering subsystems at path A:/TFS/TERM_02/VGP121 Game Test Debug/HattoriDiogo_VGP121/Assets
GfxDevice: creating device client; threaded=0
Direct3D:
    Version:  Direct3D 11.0 [level 11.1]
    Renderer: NVIDIA GeForce GTX 1080 Ti (ID=0x1b06)
    Vendor:   
    VRAM:     11127 MB
    Driver:   27.21.14.6109
Initialize mono
Mono path[0] = 'C:/Program Files/2020.3.3f1/Editor/Data/Managed'
Mono path[1] = 'C:/Program Files/2020.3.3f1/Editor/Data/MonoBleedingEdge/lib/mono/unityjit'
Mono config path = 'C:/Program Files/2020.3.3f1/Editor/Data/MonoBleedingEdge/etc'
Using monoOptions --debugger-agent=transport=dt_socket,embedding=1,server=y,suspend=n,address=127.0.0.1:56632
Begin MonoManager ReloadAssembly
Registering precompiled unity dll's ...
Register platform support module: C:/Program Files/2020.3.3f1/Editor/Data/PlaybackEngines/WebGLSupport/UnityEditor.WebGL.Extensions.dll
Register platform support module: C:/Program Files/2020.3.3f1/Editor/Data/PlaybackEngines/WindowsStandaloneSupport/UnityEditor.WindowsStandalone.Extensions.dll
Registered in 0.002056 seconds.
Native extension for WindowsStandalone target not found
Native extension for WebGL target not found
Refreshing native plugins compatible for Editor in 36.76 ms, found 1 plugins.
Preloading 0 native plugins for Editor in 0.00 ms.
Invoked RoslynAnalysisRunner static constructor.
RoslynAnalysisRunner will not be running.
RoslynAnalysisRunner has terminated.
Mono: successfully reloaded assembly
- Completed reload, in  0.922 seconds
Platform modules already initialized, skipping
Registering precompiled user dll's ...
Registered in 0.000633 seconds.
Begin MonoManager ReloadAssembly
Native extension for WindowsStandalone target not found
Native extension for WebGL target not found
Refreshing native plugins compatible for Editor in 35.29 ms, found 1 plugins.
Preloading 0 native plugins for Editor in 0.00 ms.
Invoked RoslynAnalysisRunner static constructor.
RoslynAnalysisRunner will not be running.
RoslynAnalysisRunner has terminated.
Mono: successfully reloaded assembly
- Completed reload, in  0.771 seconds
Platform modules already initialized, skipping
========================================================================
Worker process is ready to serve import requests
Launched and connected shader compiler UnityShaderCompiler.exe after 0.04 seconds
Refreshing native plugins compatible for Editor in 0.38 ms, found 1 plugins.
Preloading 0 native plugins for Editor in 0.00 ms.
Unloading 1955 Unused Serialized files (Serialized files now loaded: 0)
System memory in use before: 90.1 MB.
System memory in use after: 90.0 MB.

Unloading 25 unused Assets to reduce memory usage. Loaded Objects now: 2397.
Total: 1.903100 ms (FindLiveObjects: 0.206000 ms CreateObjectMapping: 0.087400 ms MarkObjects: 1.504500 ms  DeleteObjects: 0.104100 ms)

========================================================================
Received Import Request.
  path: Assets/UI
  artifactKey: Guid(4e9493fa8b081c44386b578a32d8e74d) Importer(815301076,1909f56bfc062723c751e8b465ee728b)
Start importing Assets/UI using Guid(4e9493fa8b081c44386b578a32d8e74d) Importer(815301076,1909f56bfc062723c751e8b465ee728b)  -> (artifact id: '23b8ec0ca452fd129c1f3cd8f55a95fb') in 0.004262 seconds
  Import took 0.006483 seconds .

========================================================================
Received Import Request.
  Time since last request: 42.422678 seconds.
  path: Assets/UI & HUD
  artifactKey: Guid(4e9493fa8b081c44386b578a32d8e74d) Importer(815301076,1909f56bfc062723c751e8b465ee728b)
Start importing Assets/UI & HUD using Guid(4e9493fa8b081c44386b578a32d8e74d) Importer(815301076,1909f56bfc062723c751e8b465ee728b)  -> (artifact id: '70da0d46c6034b3a52e41f314d564c8f') in 0.002441 seconds
  Import took 0.004814 seconds .

========================================================================
Received Import Request.
  Time since last request: 5.231408 seconds.
  path: Assets/UI & HUD/HUD
  artifactKey: Guid(1fb5bf73939f66341b0435cc8cb76113) Importer(815301076,1909f56bfc062723c751e8b465ee728b)
Start importing Assets/UI & HUD/HUD using Guid(1fb5bf73939f66341b0435cc8cb76113) Importer(815301076,1909f56bfc062723c751e8b465ee728b)  -> (artifact id: 'a6c9cf819b38a466d652a260a8f411d9') in 0.002357 seconds
  Import took 0.004693 seconds .

========================================================================
Received Import Request.
  Time since last request: 22.490263 seconds.
  path: Assets/UI & HUD/HUD/hudbar-0.png
  artifactKey: Guid(5d6e22b8eb255fc47bc36ac1b2685d00) Importer(815301076,1909f56bfc062723c751e8b465ee728b)
Start importing Assets/UI & HUD/HUD/hudbar-0.png using Guid(5d6e22b8eb255fc47bc36ac1b2685d00) Importer(815301076,1909f56bfc062723c751e8b465ee728b)  -> (artifact id: '3c49ff36388c5cce9cb30b28ee39eee5') in 0.086945 seconds
  Import took 0.089513 seconds .

========================================================================
Received Import Request.
  Time since last request: 69.337356 seconds.
  path: Assets/UI & HUD/HUD/hudbar-1.png
  artifactKey: Guid(4541595b8f6d3dd469f91fb687898900) Importer(815301076,1909f56bfc062723c751e8b465ee728b)
Start importing Assets/UI & HUD/HUD/hudbar-1.png using Guid(4541595b8f6d3dd469f91fb687898900) Importer(815301076,1909f56bfc062723c751e8b465ee728b)  -> (artifact id: '6c8f9b5698b925d6fa5399462422135f') in 0.006972 seconds
  Import took 0.009697 seconds .

========================================================================
Received Import Request.
  Time since last request: 0.000167 seconds.
  path: Assets/UI & HUD/HUD/hudbar-3.png
  artifactKey: Guid(2b671da4b6fa45e40b13c9ce1a9ad1fb) Importer(815301076,1909f56bfc062723c751e8b465ee728b)
Start importing Assets/UI & HUD/HUD/hudbar-3.png using Guid(2b671da4b6fa45e40b13c9ce1a9ad1fb) Importer(815301076,1909f56bfc062723c751e8b465ee728b)  -> (artifact id: '40bd4b3026e5cb03182465bc5d7b9869') in 0.007236 seconds
  Import took 0.009697 seconds .

========================================================================
Received Import Request.
  Time since last request: 0.000184 seconds.
  path: Assets/UI & HUD/HUD/hudbar-5.png
  artifactKey: Guid(fc497d61a1f706943983fc40067a898b) Importer(815301076,1909f56bfc062723c751e8b465ee728b)
Start importing Assets/UI & HUD/HUD/hudbar-5.png using Guid(fc497d61a1f706943983fc40067a898b) Importer(815301076,1909f56bfc062723c751e8b465ee728b)  -> (artifact id: 'a741a9b3fa9af15452cb2f7ceff14c50') in 0.007596 seconds
  Import took 0.010197 seconds .

========================================================================
Received Import Request.
  Time since last request: 0.000176 seconds.
  path: Assets/UI & HUD/HUD/hudbar-2.png
  artifactKey: Guid(53ef162f9e896c140bda1500b078d0d6) Importer(815301076,1909f56bfc062723c751e8b465ee728b)
Start importing Assets/UI & HUD/HUD/hudbar-2.png using Guid(53ef162f9e896c140bda1500b078d0d6) Importer(815301076,1909f56bfc062723c751e8b465ee728b)  -> (artifact id: '71e27b23658ebc9eba068af2f4f266fe') in 0.006673 seconds
  Import took 0.009235 seconds .

========================================================================
Received Import Request.
  Time since last request: 0.000250 seconds.
  path: Assets/UI & HUD/HUD/hudbar-4.png
  artifactKey: Guid(62843b65deeeb9048aaea539646f6234) Importer(815301076,1909f56bfc062723c751e8b465ee728b)
Start importing Assets/UI & HUD/HUD/hudbar-4.png using Guid(62843b65deeeb9048aaea539646f6234) Importer(815301076,1909f56bfc062723c751e8b465ee728b)  -> (artifact id: '357c4124bdf33c8b6bf17c280e3c13b6') in 0.007467 seconds
  Import took 0.009820 seconds .

========================================================================
Received Import Request.
  Time since last request: 0.000166 seconds.
  path: Assets/UI & HUD/HUD/hudbar-2.png
  artifactKey: Guid(53ef162f9e896c140bda1500b078d0d6) Importer(815301076,1909f56bfc062723c751e8b465ee728b)
Start importing Assets/UI & HUD/HUD/hudbar-2.png using Guid(53ef162f9e896c140bda1500b078d0d6) Importer(815301076,1909f56bfc062723c751e8b465ee728b)  -> (artifact id: '71e27b23658ebc9eba068af2f4f266fe') in 0.006303 seconds
  Import took 0.008922 seconds .

========================================================================
Received Import Request.
  Time since last request: 0.000234 seconds.
  path: Assets/UI & HUD/HUD/hudbar-1.png
  artifactKey: Guid(4541595b8f6d3dd469f91fb687898900) Importer(815301076,1909f56bfc062723c751e8b465ee728b)
Start importing Assets/UI & HUD/HUD/hudbar-1.png using Guid(4541595b8f6d3dd469f91fb687898900) Importer(815301076,1909f56bfc062723c751e8b465ee728b)  -> (artifact id: '6c8f9b5698b925d6fa5399462422135f') in 0.006446 seconds
  Import took 0.008831 seconds .

========================================================================
Received Import Request.
  Time since last request: 36.295402 seconds.
  path: Assets/UI & HUD/HUD/hudbar-3.png
  artifactKey: Guid(2b671da4b6fa45e40b13c9ce1a9ad1fb) Importer(815301076,1909f56bfc062723c751e8b465ee728b)
Start importing Assets/UI & HUD/HUD/hudbar-3.png using Guid(2b671da4b6fa45e40b13c9ce1a9ad1fb) Importer(815301076,1909f56bfc062723c751e8b465ee728b)  -> (artifact id: '3d25267e29b728a573ac86c3104a112a') in 0.006528 seconds
  Import took 0.009360 seconds .

========================================================================
Received Import Request.
  Time since last request: 3.791931 seconds.
  path: Assets/UI & HUD/HUD/hudbar-0.png
  artifactKey: Guid(5d6e22b8eb255fc47bc36ac1b2685d00) Importer(815301076,1909f56bfc062723c751e8b465ee728b)
Start importing Assets/UI & HUD/HUD/hudbar-0.png using Guid(5d6e22b8eb255fc47bc36ac1b2685d00) Importer(815301076,1909f56bfc062723c751e8b465ee728b)  -> (artifact id: 'ab2f5433706d4e127b9957d319220dc2') in 0.006585 seconds
  Import took 0.010218 seconds .

========================================================================
Received Import Request.
  Time since last request: 7.270767 seconds.
  path: Assets/UI & HUD/HUD/hudbar-3.png
  artifactKey: Guid(2b671da4b6fa45e40b13c9ce1a9ad1fb) Importer(815301076,1909f56bfc062723c751e8b465ee728b)
Start importing Assets/UI & HUD/HUD/hudbar-3.png using Guid(2b671da4b6fa45e40b13c9ce1a9ad1fb) Importer(815301076,1909f56bfc062723c751e8b465ee728b)  -> (artifact id: 'e0e9ef2002fa4d3070813fcbd512511b') in 0.006298 seconds
  Import took 0.009073 seconds .

========================================================================
Received Import Request.
  Time since last request: 6.430729 seconds.
  path: Assets/UI & HUD/HUD/hudbar-3.png
  artifactKey: Guid(2b671da4b6fa45e40b13c9ce1a9ad1fb) Importer(815301076,1909f56bfc062723c751e8b465ee728b)
Start importing Assets/UI & HUD/HUD/hudbar-3.png using Guid(2b671da4b6fa45e40b13c9ce1a9ad1fb) Importer(815301076,1909f56bfc062723c751e8b465ee728b)  -> (artifact id: 'd31753de34464bcc651d2e59fdffb308') in 0.006434 seconds
  Import took 0.008932 seconds .

========================================================================
Received Import Request.
  Time since last request: 1.334413 seconds.
  path: Assets/UI & HUD/HUD/hudbar-2.png
  artifactKey: Guid(53ef162f9e896c140bda1500b078d0d6) Importer(815301076,1909f56bfc062723c751e8b465ee728b)
Start importing Assets/UI & HUD/HUD/hudbar-2.png using Guid(53ef162f9e896c140bda1500b078d0d6) Importer(815301076,1909f56bfc062723c751e8b465ee728b)  -> (artifact id: 'c7745c53c0e26cccdb3fca81be4f9cdf') in 0.006462 seconds
  Import took 0.009162 seconds .

========================================================================
Received Import Request.
  Time since last request: 0.317279 seconds.
  path: Assets/UI & HUD/HUD/hudbar-0.png
  artifactKey: Guid(5d6e22b8eb255fc47bc36ac1b2685d00) Importer(815301076,1909f56bfc062723c751e8b465ee728b)
Start importing Assets/UI & HUD/HUD/hudbar-0.png using Guid(5d6e22b8eb255fc47bc36ac1b2685d00) Importer(815301076,1909f56bfc062723c751e8b465ee728b)  -> (artifact id: '8ac3f70bbaa486efe320806bc9190aee') in 0.006334 seconds
  Import took 0.008925 seconds .

========================================================================
Received Import Request.
  Time since last request: 5.240026 seconds.
  path: Assets/UI & HUD/HUD/hudbar-1.png
  artifactKey: Guid(4541595b8f6d3dd469f91fb687898900) Importer(815301076,1909f56bfc062723c751e8b465ee728b)
Start importing Assets/UI & HUD/HUD/hudbar-1.png using Guid(4541595b8f6d3dd469f91fb687898900) Importer(815301076,1909f56bfc062723c751e8b465ee728b)  -> (artifact id: '66955b6c2cfdc1ceef032754dde49c25') in 0.007615 seconds
  Import took 0.010584 seconds .

========================================================================
Received Import Request.
  Time since last request: 0.000259 seconds.
  path: Assets/UI & HUD/HUD/hudbar-5.png
  artifactKey: Guid(fc497d61a1f706943983fc40067a898b) Importer(815301076,1909f56bfc062723c751e8b465ee728b)
Start importing Assets/UI & HUD/HUD/hudbar-5.png using Guid(fc497d61a1f706943983fc40067a898b) Importer(815301076,1909f56bfc062723c751e8b465ee728b)  -> (artifact id: 'af1dc57456e8da43c5808697ee30c2a7') in 0.009128 seconds
  Import took 0.011795 seconds .

========================================================================
Received Import Request.
  Time since last request: 0.000176 seconds.
  path: Assets/UI & HUD/HUD/hudbar-4.png
  artifactKey: Guid(62843b65deeeb9048aaea539646f6234) Importer(815301076,1909f56bfc062723c751e8b465ee728b)
Start importing Assets/UI & HUD/HUD/hudbar-4.png using Guid(62843b65deeeb9048aaea539646f6234) Importer(815301076,1909f56bfc062723c751e8b465ee728b)  -> (artifact id: '784f9c0c67adf67229e95844517ed0f9') in 0.007086 seconds
  Import took 0.010037 seconds .

========================================================================
Received Import Request.
  Time since last request: 0.000228 seconds.
  path: Assets/UI & HUD/HUD/hudbar-1.png
  artifactKey: Guid(4541595b8f6d3dd469f91fb687898900) Importer(815301076,1909f56bfc062723c751e8b465ee728b)
Start importing Assets/UI & HUD/HUD/hudbar-1.png using Guid(4541595b8f6d3dd469f91fb687898900) Importer(815301076,1909f56bfc062723c751e8b465ee728b)  -> (artifact id: '66955b6c2cfdc1ceef032754dde49c25') in 0.006539 seconds
  Import took 0.008884 seconds .

========================================================================
Received Import Request.
  Time since last request: 20.078699 seconds.
  path: Assets/UI & HUD/HUD/hudbar-3.png
  artifactKey: Guid(2b671da4b6fa45e40b13c9ce1a9ad1fb) Importer(815301076,1909f56bfc062723c751e8b465ee728b)
Start importing Assets/UI & HUD/HUD/hudbar-3.png using Guid(2b671da4b6fa45e40b13c9ce1a9ad1fb) Importer(815301076,1909f56bfc062723c751e8b465ee728b)  -> (artifact id: '8bd5ea22b0318b8cadbfd8d361b5b483') in 0.006434 seconds
  Import took 0.009017 seconds .

========================================================================
Received Import Request.
  Time since last request: 3.475816 seconds.
  path: Assets/UI & HUD/HUD/hudbar-3.png
  artifactKey: Guid(2b671da4b6fa45e40b13c9ce1a9ad1fb) Importer(815301076,1909f56bfc062723c751e8b465ee728b)
Start importing Assets/UI & HUD/HUD/hudbar-3.png using Guid(2b671da4b6fa45e40b13c9ce1a9ad1fb) Importer(815301076,1909f56bfc062723c751e8b465ee728b)  -> (artifact id: '4b954202065791326fd9c06de326a7de') in 0.006214 seconds
  Import took 0.009241 seconds .

========================================================================
Received Import Request.
  Time since last request: 4.145706 seconds.
  path: Assets/UI & HUD/HUD/hudbar-3.png
  artifactKey: Guid(2b671da4b6fa45e40b13c9ce1a9ad1fb) Importer(815301076,1909f56bfc062723c751e8b465ee728b)
Start importing Assets/UI & HUD/HUD/hudbar-3.png using Guid(2b671da4b6fa45e40b13c9ce1a9ad1fb) Importer(815301076,1909f56bfc062723c751e8b465ee728b)  -> (artifact id: '96e5de6a8fd9aad5bd73e85a31b8f9b9') in 0.006503 seconds
  Import took 0.009347 seconds .

========================================================================
Received Import Request.
  Time since last request: 3.264522 seconds.
  path: Assets/UI & HUD/HUD/hudbar-5.png
  artifactKey: Guid(fc497d61a1f706943983fc40067a898b) Importer(815301076,1909f56bfc062723c751e8b465ee728b)
Start importing Assets/UI & HUD/HUD/hudbar-5.png using Guid(fc497d61a1f706943983fc40067a898b) Importer(815301076,1909f56bfc062723c751e8b465ee728b)  -> (artifact id: '6c74917350f28afe930377e9035986e9') in 0.006190 seconds
  Import took 0.008711 seconds .

========================================================================
Received Import Request.
  Time since last request: 4.154585 seconds.
  path: Assets/UI & HUD/HUD/hudbar-5.png
  artifactKey: Guid(fc497d61a1f706943983fc40067a898b) Importer(815301076,1909f56bfc062723c751e8b465ee728b)
Start importing Assets/UI & HUD/HUD/hudbar-5.png using Guid(fc497d61a1f706943983fc40067a898b) Importer(815301076,1909f56bfc062723c751e8b465ee728b)  -> (artifact id: '8d7aab81706d38a0d267dce10027af2c') in 0.007162 seconds
  Import took 0.009897 seconds .

========================================================================
Received Import Request.
  Time since last request: 30.713662 seconds.
  path: Assets/UI & HUD/HUD/hudbar-5.png
  artifactKey: Guid(fc497d61a1f706943983fc40067a898b) Importer(815301076,1909f56bfc062723c751e8b465ee728b)
Start importing Assets/UI & HUD/HUD/hudbar-5.png using Guid(fc497d61a1f706943983fc40067a898b) Importer(815301076,1909f56bfc062723c751e8b465ee728b)  -> (artifact id: '8a17c414b1668d5b35c55613c2a36595') in 0.006378 seconds
  Import took 0.008906 seconds .

========================================================================
Received Import Request.
  Time since last request: 53.906114 seconds.
  path: Assets/UI & HUD/HUD/hudbar-0.png
  artifactKey: Guid(5d6e22b8eb255fc47bc36ac1b2685d00) Importer(815301076,1909f56bfc062723c751e8b465ee728b)
Start importing Assets/UI & HUD/HUD/hudbar-0.png using Guid(5d6e22b8eb255fc47bc36ac1b2685d00) Importer(815301076,1909f56bfc062723c751e8b465ee728b)  -> (artifact id: 'baeb513efd072df5399aeae8c4ee3444') in 0.007572 seconds
  Import took 0.010594 seconds .

========================================================================
Received Import Request.
  Time since last request: 0.000181 seconds.
  path: Assets/UI & HUD/HUD/hudbar-2.png
  artifactKey: Guid(53ef162f9e896c140bda1500b078d0d6) Importer(815301076,1909f56bfc062723c751e8b465ee728b)
Start importing Assets/UI & HUD/HUD/hudbar-2.png using Guid(53ef162f9e896c140bda1500b078d0d6) Importer(815301076,1909f56bfc062723c751e8b465ee728b)  -> (artifact id: '658e284c2287121197bf274b92f7aec4') in 0.007322 seconds
  Import took 0.009787 seconds .

========================================================================
Received Import Request.
  Time since last request: 0.000137 seconds.
  path: Assets/UI & HUD/HUD/hudbar-4.png
  artifactKey: Guid(62843b65deeeb9048aaea539646f6234) Importer(815301076,1909f56bfc062723c751e8b465ee728b)
Start importing Assets/UI & HUD/HUD/hudbar-4.png using Guid(62843b65deeeb9048aaea539646f6234) Importer(815301076,1909f56bfc062723c751e8b465ee728b)  -> (artifact id: '6ce040bf064faf07d790d352d5e33126') in 0.006789 seconds
  Import took 0.009311 seconds .

========================================================================
Received Import Request.
  Time since last request: 0.000181 seconds.
  path: Assets/UI & HUD/HUD/hudbar-0.png
  artifactKey: Guid(5d6e22b8eb255fc47bc36ac1b2685d00) Importer(815301076,1909f56bfc062723c751e8b465ee728b)
Start importing Assets/UI & HUD/HUD/hudbar-0.png using Guid(5d6e22b8eb255fc47bc36ac1b2685d00) Importer(815301076,1909f56bfc062723c751e8b465ee728b)  -> (artifact id: 'baeb513efd072df5399aeae8c4ee3444') in 0.006450 seconds
  Import took 0.008934 seconds .

========================================================================
Received Import Request.
  Time since last request: 0.000271 seconds.
  path: Assets/UI & HUD/HUD/hudbar-1.png
  artifactKey: Guid(4541595b8f6d3dd469f91fb687898900) Importer(815301076,1909f56bfc062723c751e8b465ee728b)
Start importing Assets/UI & HUD/HUD/hudbar-1.png using Guid(4541595b8f6d3dd469f91fb687898900) Importer(815301076,1909f56bfc062723c751e8b465ee728b)  -> (artifact id: '712f9caed045f040e3d9a7f717fe63cf') in 0.006825 seconds
  Import took 0.009340 seconds .

========================================================================
Received Prepare
Registering precompiled user dll's ...
Registered in 0.000754 seconds.
Begin MonoManager ReloadAssembly
Native extension for WindowsStandalone target not found
Native extension for WebGL target not found
Refreshing native plugins compatible for Editor in 0.41 ms, found 1 plugins.
Preloading 0 native plugins for Editor in 0.00 ms.
Invoked RoslynAnalysisRunner static constructor.
RoslynAnalysisRunner will not be running.
RoslynAnalysisRunner has terminated.
Mono: successfully reloaded assembly
- Completed reload, in  0.691 seconds
Platform modules already initialized, skipping
Refreshing native plugins compatible for Editor in 0.39 ms, found 1 plugins.
Preloading 0 native plugins for Editor in 0.00 ms.
Unloading 1948 Unused Serialized files (Serialized files now loaded: 0)
System memory in use before: 92.8 MB.
System memory in use after: 92.8 MB.

Unloading 13 unused Assets to reduce memory usage. Loaded Objects now: 2407.
Total: 1.813600 ms (FindLiveObjects: 0.195900 ms CreateObjectMapping: 0.064600 ms MarkObjects: 1.416500 ms  DeleteObjects: 0.135700 ms)

========================================================================
Received Prepare
Registering precompiled user dll's ...
Registered in 0.000742 seconds.
Begin MonoManager ReloadAssembly
Native extension for WindowsStandalone target not found
Native extension for WebGL target not found
Refreshing native plugins compatible for Editor in 0.38 ms, found 1 plugins.
Preloading 0 native plugins for Editor in 0.00 ms.
Invoked RoslynAnalysisRunner static constructor.
RoslynAnalysisRunner will not be running.
RoslynAnalysisRunner has terminated.
Mono: successfully reloaded assembly
- Completed reload, in  0.682 seconds
Platform modules already initialized, skipping
Refreshing native plugins compatible for Editor in 0.38 ms, found 1 plugins.
Preloading 0 native plugins for Editor in 0.00 ms.
Unloading 1948 Unused Serialized files (Serialized files now loaded: 0)
System memory in use before: 92.8 MB.
System memory in use after: 92.8 MB.

Unloading 13 unused Assets to reduce memory usage. Loaded Objects now: 2411.
Total: 1.811000 ms (FindLiveObjects: 0.197500 ms CreateObjectMapping: 0.071500 ms MarkObjects: 1.454000 ms  DeleteObjects: 0.087000 ms)

========================================================================
Received Prepare
Registering precompiled user dll's ...
Registered in 0.000608 seconds.
Begin MonoManager ReloadAssembly
Native extension for WindowsStandalone target not found
Native extension for WebGL target not found
Refreshing native plugins compatible for Editor in 0.38 ms, found 1 plugins.
Preloading 0 native plugins for Editor in 0.00 ms.
Invoked RoslynAnalysisRunner static constructor.
RoslynAnalysisRunner will not be running.
RoslynAnalysisRunner has terminated.
Mono: successfully reloaded assembly
- Completed reload, in  0.674 seconds
Platform modules already initialized, skipping
Refreshing native plugins compatible for Editor in 0.42 ms, found 1 plugins.
Preloading 0 native plugins for Editor in 0.00 ms.
Unloading 1948 Unused Serialized files (Serialized files now loaded: 0)
System memory in use before: 93.1 MB.
System memory in use after: 93.0 MB.

Unloading 13 unused Assets to reduce memory usage. Loaded Objects now: 2415.
Total: 1.605800 ms (FindLiveObjects: 0.157800 ms CreateObjectMapping: 0.056200 ms MarkObjects: 1.309400 ms  DeleteObjects: 0.081700 ms)

AssetImportWorkerClient::OnTransportError - code=2 error=End of file
